c:\users\administrator\desktop\图形图像\opengl\课外学习\粒子系统\爱心\debug\particle.pch
c:\users\administrator\desktop\图形图像\opengl\课外学习\粒子系统\爱心\debug\vc120.pdb
c:\users\administrator\desktop\图形图像\opengl\课外学习\粒子系统\爱心\debug\vc120.idb
c:\users\administrator\desktop\图形图像\opengl\课外学习\粒子系统\爱心\debug\stdafx.obj
c:\users\administrator\desktop\图形图像\opengl\课外学习\粒子系统\爱心\debug\mainframe.obj
c:\users\administrator\desktop\图形图像\opengl\课外学习\粒子系统\爱心\debug\particle.obj
c:\users\administrator\desktop\图形图像\opengl\课外学习\粒子系统\爱心\debug\initshader.obj
c:\users\administrator\desktop\爱心\debug\particle.pch
c:\users\administrator\desktop\爱心\debug\vc120.pdb
c:\users\administrator\desktop\爱心\debug\vc120.idb
c:\users\administrator\desktop\爱心\debug\stdafx.obj
c:\users\administrator\desktop\爱心\debug\initshader.obj
c:\users\administrator\desktop\爱心\debug\mainframe.obj
c:\users\administrator\desktop\爱心\debug\particle.obj
c:\users\administrator\desktop\图形图像\opengl\课外学习\粒子系统\爱心\debug\particle.ilk
c:\users\administrator\desktop\图形图像\opengl\课外学习\粒子系统\爱心\debug\particle.exe
c:\users\administrator\desktop\图形图像\opengl\课外学习\粒子系统\爱心\debug\particle.pdb
c:\users\administrator\desktop\爱心\debug\particle.ilk
c:\users\administrator\desktop\爱心\debug\particle.exe
c:\users\administrator\desktop\爱心\debug\particle.pdb
c:\users\administrator\desktop\图形图像\opengl\课外学习\粒子系统\爱心\debug\particle.res
c:\users\administrator\desktop\爱心\debug\particle.res
c:\users\administrator\desktop\爱心\debug\particle.tlog\cl.command.1.tlog
c:\users\administrator\desktop\爱心\debug\particle.tlog\cl.read.1.tlog
c:\users\administrator\desktop\爱心\debug\particle.tlog\cl.write.1.tlog
c:\users\administrator\desktop\爱心\debug\particle.tlog\link-cvtres.read.1.tlog
c:\users\administrator\desktop\爱心\debug\particle.tlog\link-cvtres.write.1.tlog
c:\users\administrator\desktop\爱心\debug\particle.tlog\link-mt.read.1.tlog
c:\users\administrator\desktop\爱心\debug\particle.tlog\link-mt.write.1.tlog
c:\users\administrator\desktop\爱心\debug\particle.tlog\link-rc.read.1.tlog
c:\users\administrator\desktop\爱心\debug\particle.tlog\link-rc.write.1.tlog
c:\users\administrator\desktop\爱心\debug\particle.tlog\link.command.1.tlog
c:\users\administrator\desktop\爱心\debug\particle.tlog\link.read.1.tlog
c:\users\administrator\desktop\爱心\debug\particle.tlog\link.write.1.tlog
c:\users\administrator\desktop\爱心\debug\particle.tlog\rc.command.1.tlog
c:\users\administrator\desktop\爱心\debug\particle.tlog\rc.read.1.tlog
c:\users\administrator\desktop\爱心\debug\particle.tlog\rc.write.1.tlog
